<?xml version="1.0" encoding="UTF-8"?>
<!-- Generated by org.testng.reporters.JUnitReportReporter -->
<testsuite skipped="1" hostname="DESKTOP-H87KQ9A" name="sGrid.Grid1" tests="2" failures="0" timestamp="07 Oct 2018 12:05:56 GMT" time="601.622" errors="1">
  <testcase name="simpleTest" time="0.000" classname="sGrid.Grid1">
    <skipped/>
  </testcase> <!-- simpleTest -->
  <testcase name="setUp" time="601.622" classname="sGrid.Grid1">
    <error type="org.openqa.selenium.WebDriverException" message="Error forwarding the new session new session request for webdriver should contain a location header or an &#039;application/json;charset=UTF-8&#039; response body with the session ID.
Command duration or timeout: 600.16 seconds
Build info: version: &#039;3.12.0&#039;, revision: &#039;7c6e0b3&#039;, time: &#039;2018-05-08T15:15:03.216Z&#039;
System info: host: &#039;DESKTOP-H87KQ9A&#039;, ip: &#039;192.168.30.1&#039;, os.name: &#039;Windows 10&#039;, os.arch: &#039;amd64&#039;, os.version: &#039;10.0&#039;, java.version: &#039;1.8.0_181&#039;
Driver info: driver.version: RemoteWebDriver">
      <![CDATA[org.openqa.selenium.WebDriverException: Error forwarding the new session new session request for webdriver should contain a location header or an 'application/json;charset=UTF-8' response body with the session ID.
Command duration or timeout: 600.16 seconds
Build info: version: '3.12.0', revision: '7c6e0b3', time: '2018-05-08T15:15:03.216Z'
System info: host: 'DESKTOP-H87KQ9A', ip: '192.168.30.1', os.name: 'Windows 10', os.arch: 'amd64', os.version: '10.0', java.version: '1.8.0_181'
Driver info: driver.version: RemoteWebDriver
at sun.reflect.NativeConstructorAccessorImpl.newInstance0(Native Method)
at sun.reflect.NativeConstructorAccessorImpl.newInstance(NativeConstructorAccessorImpl.java:62)
at sun.reflect.DelegatingConstructorAccessorImpl.newInstance(DelegatingConstructorAccessorImpl.java:45)
at java.lang.reflect.Constructor.newInstance(Constructor.java:423)
at org.openqa.selenium.remote.ErrorHandler.createThrowable(ErrorHandler.java:214)
at org.openqa.selenium.remote.ErrorHandler.throwIfResponseFailed(ErrorHandler.java:166)
at org.openqa.selenium.remote.JsonWireProtocolResponse.lambda$new$0(JsonWireProtocolResponse.java:53)
at org.openqa.selenium.remote.JsonWireProtocolResponse.lambda$getResponseFunction$2(JsonWireProtocolResponse.java:91)
at org.openqa.selenium.remote.ProtocolHandshake.lambda$createSession$0(ProtocolHandshake.java:123)
at java.util.stream.ReferencePipeline$3$1.accept(ReferencePipeline.java:193)
at java.util.Spliterators$ArraySpliterator.tryAdvance(Spliterators.java:958)
at java.util.stream.ReferencePipeline.forEachWithCancel(ReferencePipeline.java:126)
at java.util.stream.AbstractPipeline.copyIntoWithCancel(AbstractPipeline.java:498)
at java.util.stream.AbstractPipeline.copyInto(AbstractPipeline.java:485)
at java.util.stream.AbstractPipeline.wrapAndCopyInto(AbstractPipeline.java:471)
at java.util.stream.FindOps$FindOp.evaluateSequential(FindOps.java:152)
at java.util.stream.AbstractPipeline.evaluate(AbstractPipeline.java:234)
at java.util.stream.ReferencePipeline.findFirst(ReferencePipeline.java:464)
at org.openqa.selenium.remote.ProtocolHandshake.createSession(ProtocolHandshake.java:126)
at org.openqa.selenium.remote.ProtocolHandshake.createSession(ProtocolHandshake.java:73)
at org.openqa.selenium.remote.HttpCommandExecutor.execute(HttpCommandExecutor.java:136)
at org.openqa.selenium.remote.RemoteWebDriver.execute(RemoteWebDriver.java:543)
at org.openqa.selenium.remote.RemoteWebDriver.startSession(RemoteWebDriver.java:207)
at org.openqa.selenium.remote.RemoteWebDriver.<init>(RemoteWebDriver.java:130)
at org.openqa.selenium.remote.RemoteWebDriver.<init>(RemoteWebDriver.java:143)
at sGrid.Grid1.setUp(Grid1.java:28)
at sun.reflect.NativeMethodAccessorImpl.invoke0(Native Method)
at sun.reflect.NativeMethodAccessorImpl.invoke(NativeMethodAccessorImpl.java:62)
at sun.reflect.DelegatingMethodAccessorImpl.invoke(DelegatingMethodAccessorImpl.java:43)
at java.lang.reflect.Method.invoke(Method.java:498)
at org.testng.internal.MethodInvocationHelper.invokeMethod(MethodInvocationHelper.java:124)
at org.testng.internal.MethodInvocationHelper.invokeMethodConsideringTimeout(MethodInvocationHelper.java:59)
at org.testng.internal.Invoker.invokeConfigurationMethod(Invoker.java:455)
at org.testng.internal.Invoker.invokeConfigurations(Invoker.java:222)
at org.testng.internal.Invoker.invokeConfigurations(Invoker.java:142)
at org.testng.TestRunner.beforeRun(TestRunner.java:529)
at org.testng.TestRunner.run(TestRunner.java:497)
at org.testng.SuiteRunner.runTest(SuiteRunner.java:455)
at org.testng.SuiteRunner.runSequentially(SuiteRunner.java:450)
at org.testng.SuiteRunner.privateRun(SuiteRunner.java:415)
at org.testng.SuiteRunner.run(SuiteRunner.java:364)
at org.testng.SuiteRunnerWorker.runSuite(SuiteRunnerWorker.java:52)
at org.testng.SuiteRunnerWorker.run(SuiteRunnerWorker.java:84)
at org.testng.TestNG.runSuitesSequentially(TestNG.java:1208)
at org.testng.TestNG.runSuitesLocally(TestNG.java:1137)
at org.testng.TestNG.runSuites(TestNG.java:1049)
at org.testng.TestNG.run(TestNG.java:1017)
at org.testng.remote.AbstractRemoteTestNG.run(AbstractRemoteTestNG.java:114)
at org.testng.remote.RemoteTestNG.initAndRun(RemoteTestNG.java:251)
at org.testng.remote.RemoteTestNG.main(RemoteTestNG.java:77)
Caused by: org.openqa.grid.common.exception.GridException: Error forwarding the new session new session request for webdriver should contain a location header or an 'application/json;charset=UTF-8' response body with the session ID.
at org.openqa.grid.web.servlet.handler.RequestHandler.process(RequestHandler.java:118)
at org.openqa.grid.web.servlet.DriverServlet.process(DriverServlet.java:85)
at org.openqa.grid.web.servlet.DriverServlet.doPost(DriverServlet.java:69)
at javax.servlet.http.HttpServlet.service(HttpServlet.java:707)
at javax.servlet.http.HttpServlet.service(HttpServlet.java:790)
at org.seleniumhq.jetty9.servlet.ServletHolder.handle(ServletHolder.java:860)
at org.seleniumhq.jetty9.servlet.ServletHandler.doHandle(ServletHandler.java:535)
at org.seleniumhq.jetty9.server.handler.ScopedHandler.handle(ScopedHandler.java:143)
at org.seleniumhq.jetty9.security.SecurityHandler.handle(SecurityHandler.java:548)
at org.seleniumhq.jetty9.server.handler.HandlerWrapper.handle(HandlerWrapper.java:132)
at org.seleniumhq.jetty9.server.handler.ScopedHandler.nextHandle(ScopedHandler.java:190)
at org.seleniumhq.jetty9.server.session.SessionHandler.doHandle(SessionHandler.java:1595)
at org.seleniumhq.jetty9.server.handler.ScopedHandler.nextHandle(ScopedHandler.java:188)
at org.seleniumhq.jetty9.server.handler.ContextHandler.doHandle(ContextHandler.java:1253)
at org.seleniumhq.jetty9.server.handler.ScopedHandler.nextScope(ScopedHandler.java:168)
at org.seleniumhq.jetty9.servlet.ServletHandler.doScope(ServletHandler.java:473)
at org.seleniumhq.jetty9.server.session.SessionHandler.doScope(SessionHandler.java:1564)
at org.seleniumhq.jetty9.server.handler.ScopedHandler.nextScope(ScopedHandler.java:166)
at org.seleniumhq.jetty9.server.handler.ContextHandler.doScope(ContextHandler.java:1155)
at org.seleniumhq.jetty9.server.handler.ScopedHandler.handle(ScopedHandler.java:141)
at org.seleniumhq.jetty9.server.handler.HandlerWrapper.handle(HandlerWrapper.java:132)
at org.seleniumhq.jetty9.server.Server.handle(Server.java:530)
at org.seleniumhq.jetty9.server.HttpChannel.handle(HttpChannel.java:347)
at org.seleniumhq.jetty9.server.HttpConnection.onFillable(HttpConnection.java:256)
at org.seleniumhq.jetty9.io.AbstractConnection$ReadCallback.succeeded(AbstractConnection.java:279)
at org.seleniumhq.jetty9.io.FillInterest.fillable(FillInterest.java:102)
at org.seleniumhq.jetty9.io.ChannelEndPoint$2.run(ChannelEndPoint.java:124)
at org.seleniumhq.jetty9.util.thread.strategy.EatWhatYouKill.doProduce(EatWhatYouKill.java:247)
at org.seleniumhq.jetty9.util.thread.strategy.EatWhatYouKill.produce(EatWhatYouKill.java:140)
at org.seleniumhq.jetty9.util.thread.strategy.EatWhatYouKill.run(EatWhatYouKill.java:131)
at org.seleniumhq.jetty9.util.thread.ReservedThreadExecutor$ReservedThread.run(ReservedThreadExecutor.java:382)
at org.seleniumhq.jetty9.util.thread.QueuedThreadPool.runJob(QueuedThreadPool.java:708)
at org.seleniumhq.jetty9.util.thread.QueuedThreadPool$2.run(QueuedThreadPool.java:626)
at java.lang.Thread.run(Thread.java:748)
]]>
    </error>
  </testcase> <!-- setUp -->
</testsuite> <!-- sGrid.Grid1 -->
